<?xml version="1.0" encoding="UTF-8"?>
<!-- Generated by org.testng.reporters.JUnitReportReporter -->
<testsuite hostname="DESKTOP-LO5K2AV" failures="0" tests="1" name="AliTestRunner.TestRunnerAli" time="7.274" errors="0" timestamp="2022-05-05T18:04:25 EDT" skipped="0">
  <testcase classname="AliTestRunner.TestRunnerAli" name="feature" time="7.274"/>
  <system-out/>
</testsuite> <!-- AliTestRunner.TestRunnerAli -->
